
2025/04/09 (18:17:02) | ===> btop++ v.1.4.0
2025/04/09 (18:17:02) | WARNING: NVML: Failed to get maximum GPU power draw, defaulting to 225W: Not Supported
2025/04/09 (18:28:08) | ERROR: Exception during Config::unlock() : unordered_map::at

2025/04/09 (18:28:15) | ===> btop++ v.1.4.0
2025/04/09 (18:28:15) | WARNING: NVML: Failed to get maximum GPU power draw, defaulting to 225W: Not Supported

2025/04/09 (18:33:50) | ===> btop++ v.1.4.0
2025/04/09 (18:33:50) | WARNING: NVML: Failed to get maximum GPU power draw, defaulting to 225W: Not Supported
2025/04/09 (18:34:08) | ERROR: Exception during Config::unlock() : unordered_map::at

2025/04/09 (18:34:12) | ===> btop++ v.1.4.0
2025/04/09 (18:34:12) | WARNING: NVML: Failed to get maximum GPU power draw, defaulting to 225W: Not Supported

2025/04/09 (18:34:31) | ===> btop++ v.1.4.0
2025/04/09 (18:34:31) | WARNING: NVML: Failed to get maximum GPU power draw, defaulting to 225W: Not Supported

2025/04/09 (18:34:36) | ===> btop++ v.1.4.0
2025/04/09 (18:34:36) | WARNING: NVML: Failed to get maximum GPU power draw, defaulting to 225W: Not Supported

2025/04/09 (18:37:36) | ===> btop++ v.1.4.0
2025/04/09 (18:37:36) | WARNING: NVML: Failed to get maximum GPU power draw, defaulting to 225W: Not Supported

2025/04/09 (18:41:54) | ===> btop++ v.1.4.0
2025/04/09 (18:41:54) | WARNING: NVML: Failed to get maximum GPU power draw, defaulting to 225W: Not Supported

2025/04/09 (18:43:42) | ===> btop++ v.1.4.0
2025/04/09 (18:43:42) | WARNING: NVML: Failed to get maximum GPU power draw, defaulting to 225W: Not Supported

2025/04/09 (19:02:45) | ===> btop++ v.1.4.0
2025/04/09 (19:02:45) | ERROR: No tty detected!
btop++ needs an interactive shell to run.

2025/04/09 (19:03:01) | ===> btop++ v.1.4.0
2025/04/09 (19:03:01) | ERROR: No tty detected!
btop++ needs an interactive shell to run.

2025/04/09 (19:03:18) | ===> btop++ v.1.4.0
2025/04/09 (19:03:18) | ERROR: No tty detected!
btop++ needs an interactive shell to run.

2025/04/09 (19:03:20) | ===> btop++ v.1.4.0
2025/04/09 (19:03:20) | ERROR: No tty detected!
btop++ needs an interactive shell to run.

2025/04/09 (19:03:32) | ===> btop++ v.1.4.0
2025/04/09 (19:03:32) | WARNING: NVML: Failed to get maximum GPU power draw, defaulting to 225W: Not Supported

2025/04/09 (19:04:14) | ===> btop++ v.1.4.0
2025/04/09 (19:04:14) | WARNING: NVML: Failed to get maximum GPU power draw, defaulting to 225W: Not Supported

2025/04/09 (19:04:30) | ===> btop++ v.1.4.0
2025/04/09 (19:04:30) | WARNING: NVML: Failed to get maximum GPU power draw, defaulting to 225W: Not Supported

2025/04/09 (19:06:04) | ===> btop++ v.1.4.0
2025/04/09 (19:06:04) | WARNING: NVML: Failed to get maximum GPU power draw, defaulting to 225W: Not Supported

2025/04/09 (19:08:00) | ===> btop++ v.1.4.0
2025/04/09 (19:08:00) | WARNING: NVML: Failed to get maximum GPU power draw, defaulting to 225W: Not Supported

2025/04/09 (19:10:00) | ===> btop++ v.1.4.0
2025/04/09 (19:10:00) | WARNING: NVML: Failed to get maximum GPU power draw, defaulting to 225W: Not Supported

2025/04/09 (19:10:18) | ===> btop++ v.1.4.0
2025/04/09 (19:10:18) | WARNING: NVML: Failed to get maximum GPU power draw, defaulting to 225W: Not Supported

2025/04/09 (19:10:33) | ===> btop++ v.1.4.0
2025/04/09 (19:10:33) | WARNING: NVML: Failed to get maximum GPU power draw, defaulting to 225W: Not Supported

2025/04/09 (19:19:43) | ===> btop++ v.1.4.0
2025/04/09 (19:19:43) | WARNING: NVML: Failed to get maximum GPU power draw, defaulting to 225W: Not Supported

2025/04/09 (19:20:35) | ===> btop++ v.1.4.0
2025/04/09 (19:20:35) | WARNING: NVML: Failed to get maximum GPU power draw, defaulting to 225W: Not Supported

2025/04/09 (19:23:28) | ===> btop++ v.1.4.0
2025/04/09 (19:23:28) | WARNING: NVML: Failed to get maximum GPU power draw, defaulting to 225W: Not Supported

2025/04/09 (19:23:34) | ===> btop++ v.1.4.0
2025/04/09 (19:23:34) | WARNING: NVML: Failed to get maximum GPU power draw, defaulting to 225W: Not Supported

2025/04/09 (19:23:56) | ===> btop++ v.1.4.0
2025/04/09 (19:23:56) | WARNING: NVML: Failed to get maximum GPU power draw, defaulting to 225W: Not Supported

2025/04/09 (19:25:52) | ===> btop++ v.1.4.0
2025/04/09 (19:25:52) | WARNING: NVML: Failed to get maximum GPU power draw, defaulting to 225W: Not Supported

2025/04/09 (19:26:09) | ===> btop++ v.1.4.0
2025/04/09 (19:26:09) | WARNING: NVML: Failed to get maximum GPU power draw, defaulting to 225W: Not Supported

2025/04/09 (19:27:02) | ===> btop++ v.1.4.0
2025/04/09 (19:27:02) | WARNING: NVML: Failed to get maximum GPU power draw, defaulting to 225W: Not Supported

2025/04/09 (19:27:09) | ===> btop++ v.1.4.0
2025/04/09 (19:27:09) | WARNING: NVML: Failed to get maximum GPU power draw, defaulting to 225W: Not Supported

2025/04/09 (19:28:13) | ===> btop++ v.1.4.0
2025/04/09 (19:28:13) | WARNING: NVML: Failed to get maximum GPU power draw, defaulting to 225W: Not Supported

2025/04/09 (19:28:39) | ===> btop++ v.1.4.0
2025/04/09 (19:28:39) | WARNING: NVML: Failed to get maximum GPU power draw, defaulting to 225W: Not Supported

2025/04/09 (19:28:57) | ===> btop++ v.1.4.0
2025/04/09 (19:28:57) | WARNING: NVML: Failed to get maximum GPU power draw, defaulting to 225W: Not Supported

2025/04/09 (19:29:49) | ===> btop++ v.1.4.0
2025/04/09 (19:29:49) | WARNING: NVML: Failed to get maximum GPU power draw, defaulting to 225W: Not Supported

2025/04/09 (19:33:03) | ===> btop++ v.1.4.0
2025/04/09 (19:33:03) | WARNING: NVML: Failed to get maximum GPU power draw, defaulting to 225W: Not Supported

2025/04/09 (19:33:58) | ===> btop++ v.1.4.0
2025/04/09 (19:33:58) | WARNING: NVML: Failed to get maximum GPU power draw, defaulting to 225W: Not Supported

2025/04/09 (19:34:07) | ===> btop++ v.1.4.0
2025/04/09 (19:34:07) | WARNING: NVML: Failed to get maximum GPU power draw, defaulting to 225W: Not Supported

2025/04/09 (21:36:55) | ===> btop++ v.1.4.0
2025/04/09 (21:36:55) | WARNING: NVML: Failed to get maximum GPU power draw, defaulting to 225W: Not Supported

2025/04/09 (21:37:10) | ===> btop++ v.1.4.0
2025/04/09 (21:37:10) | WARNING: NVML: Failed to get maximum GPU power draw, defaulting to 225W: Not Supported

2025/04/09 (22:03:14) | ===> btop++ v.1.4.0
2025/04/09 (22:03:14) | WARNING: NVML: Failed to get maximum GPU power draw, defaulting to 225W: Not Supported

2025/04/09 (22:31:56) | ===> btop++ v.1.4.0
2025/04/09 (22:31:56) | WARNING: NVML: Failed to get maximum GPU power draw, defaulting to 225W: Not Supported

2025/04/11 (17:36:21) | ===> btop++ v.1.4.0
2025/04/11 (17:36:21) | WARNING: NVML: Failed to get maximum GPU power draw, defaulting to 225W: Not Supported

2025/04/11 (17:39:44) | ===> btop++ v.1.4.0
2025/04/11 (17:39:44) | WARNING: NVML: Failed to get maximum GPU power draw, defaulting to 225W: Not Supported

2025/04/11 (17:56:47) | ===> btop++ v.1.4.0
2025/04/11 (17:56:47) | WARNING: NVML: Failed to get maximum GPU power draw, defaulting to 225W: Not Supported

2025/04/11 (18:09:53) | ===> btop++ v.1.4.0
2025/04/11 (18:09:53) | WARNING: NVML: Failed to get maximum GPU power draw, defaulting to 225W: Not Supported

2025/04/11 (18:23:20) | ===> btop++ v.1.4.0
2025/04/11 (18:23:20) | WARNING: NVML: Failed to get maximum GPU power draw, defaulting to 225W: Not Supported

2025/04/11 (18:23:33) | ===> btop++ v.1.4.0
2025/04/11 (18:23:33) | WARNING: NVML: Failed to get maximum GPU power draw, defaulting to 225W: Not Supported

2025/04/11 (21:29:47) | ===> btop++ v.1.4.0
2025/04/11 (21:29:47) | WARNING: NVML: Failed to get maximum GPU power draw, defaulting to 225W: Not Supported

2025/04/11 (21:30:15) | ===> btop++ v.1.4.0
2025/04/11 (21:30:15) | WARNING: NVML: Failed to get maximum GPU power draw, defaulting to 225W: Not Supported

2025/04/11 (21:30:30) | ===> btop++ v.1.4.0
2025/04/11 (21:30:30) | WARNING: NVML: Failed to get maximum GPU power draw, defaulting to 225W: Not Supported

2025/04/11 (21:39:43) | ===> btop++ v.1.4.0
2025/04/11 (21:39:43) | WARNING: NVML: Failed to get maximum GPU power draw, defaulting to 225W: Not Supported

2025/04/11 (21:40:28) | ===> btop++ v.1.4.0
2025/04/11 (21:40:28) | WARNING: NVML: Failed to get maximum GPU power draw, defaulting to 225W: Not Supported

2025/04/11 (22:21:57) | ===> btop++ v.1.4.0
2025/04/11 (22:21:57) | WARNING: NVML: Failed to get maximum GPU power draw, defaulting to 225W: Not Supported

2025/04/12 (14:17:26) | ===> btop++ v.1.4.0
2025/04/12 (14:17:26) | WARNING: NVML: Failed to get maximum GPU power draw, defaulting to 225W: Not Supported

2025/04/14 (21:52:24) | ===> btop++ v.1.4.0
2025/04/14 (21:52:24) | WARNING: NVML: Failed to get maximum GPU power draw, defaulting to 225W: Not Supported

2025/04/17 (22:44:55) | ===> btop++ v.1.4.0
2025/04/17 (22:44:55) | WARNING: NVML: Failed to get maximum GPU power draw, defaulting to 225W: Not Supported
